[INFO ] 2022-05-10 21:07:43.774 [restartedMain][StartupInfoLogger.java] Application - Starting Application using Java 11.0.12 on DESKTOP-7H7HJEP with PID 20044 (C:\SpringStudy\jex00\build\classes\java\main started by daxxx in C:\SpringStudy\jex00)
[INFO ] 2022-05-10 21:07:43.781 [restartedMain][SpringApplication.java] Application - No active profile set, falling back to 1 default profile: "default"
[INFO ] 2022-05-10 21:07:43.825 [restartedMain][DeferredLog.java] ChangeableUrls - The Class-Path manifest attribute in C:\Users\daxxx\.gradle\caches\modules-2\files-2.1\com.oracle.database.jdbc\ojdbc8\21.3.0.0\73649ab9bfb94daa4df21b80c98ac35aea4aa2f5\ojdbc8-21.3.0.0.jar referenced one or more files that do not exist: file:/C:/Users/daxxx/.gradle/caches/modules-2/files-2.1/com.oracle.database.jdbc/ojdbc8/21.3.0.0/73649ab9bfb94daa4df21b80c98ac35aea4aa2f5/oraclepki.jar
[INFO ] 2022-05-10 21:07:43.833 [restartedMain][DeferredLog.java] DevToolsPropertyDefaultsPostProcessor - Devtools property defaults active! Set 'spring.devtools.add-properties' to 'false' to disable
[INFO ] 2022-05-10 21:07:43.834 [restartedMain][DeferredLog.java] DevToolsPropertyDefaultsPostProcessor - For additional web related logging consider setting the 'logging.level.web' property to 'DEBUG'
[INFO ] 2022-05-10 21:07:45.364 [restartedMain][TomcatWebServer.java] TomcatWebServer - Tomcat initialized with port(s): 8080 (http)
[INFO ] 2022-05-10 21:07:45.376 [restartedMain][DirectJDKLog.java] Http11NioProtocol - Initializing ProtocolHandler ["http-nio-8080"]
[INFO ] 2022-05-10 21:07:45.376 [restartedMain][DirectJDKLog.java] StandardService - Starting service [Tomcat]
[INFO ] 2022-05-10 21:07:45.377 [restartedMain][DirectJDKLog.java] StandardEngine - Starting Servlet engine: [Apache Tomcat/9.0.62]
[INFO ] 2022-05-10 21:07:45.475 [restartedMain][DirectJDKLog.java] [/] - Initializing Spring embedded WebApplicationContext
[INFO ] 2022-05-10 21:07:45.475 [restartedMain][ServletWebServerApplicationContext.java] ServletWebServerApplicationContext - Root WebApplicationContext: initialization completed in 1640 ms
[INFO ] 2022-05-10 21:07:45.638 [restartedMain][HikariDataSource.java] HikariDataSource - HikariPool-1 - Starting...
[INFO ] 2022-05-10 21:07:45.965 [restartedMain][Log4j2SpyLogDelegator.java] log4j2 - 1. Connection opened. {executed in 310ms} 
[INFO ] 2022-05-10 21:07:45.966 [restartedMain][Log4j2SpyLogDelegator.java] log4j2 - 1. Connection.new Connection returned 
[INFO ] 2022-05-10 21:07:45.966 [restartedMain][Log4j2SpyLogDelegator.java] log4j2 - 1. Connection.getNetworkTimeout() returned 0
[INFO ] 2022-05-10 21:07:45.967 [restartedMain][Log4j2SpyLogDelegator.java] log4j2 - 1. Connection.isReadOnly() returned false
[INFO ] 2022-05-10 21:07:45.967 [restartedMain][Log4j2SpyLogDelegator.java] log4j2 - 1. Connection.getAutoCommit() returned true
[INFO ] 2022-05-10 21:07:45.968 [restartedMain][Log4j2SpyLogDelegator.java] log4j2 - 1. Connection.isValid(1) returned true
[INFO ] 2022-05-10 21:07:45.969 [restartedMain][Log4j2SpyLogDelegator.java] log4j2 - 1. Connection.getTransactionIsolation() returned 2
[INFO ] 2022-05-10 21:07:45.971 [restartedMain][HikariDataSource.java] HikariDataSource - HikariPool-1 - Start completed.
[INFO ] 2022-05-10 21:07:46.100 [HikariPool-1 connection adder][Log4j2SpyLogDelegator.java] log4j2 - 2. Connection opened. {executed in 26ms} 
[INFO ] 2022-05-10 21:07:46.101 [HikariPool-1 connection adder][Log4j2SpyLogDelegator.java] log4j2 - 2. Connection.new Connection returned 
[INFO ] 2022-05-10 21:07:46.101 [HikariPool-1 connection adder][Log4j2SpyLogDelegator.java] log4j2 - 2. Connection.isReadOnly() returned false
[INFO ] 2022-05-10 21:07:46.102 [HikariPool-1 connection adder][Log4j2SpyLogDelegator.java] log4j2 - 2. Connection.getAutoCommit() returned true
[INFO ] 2022-05-10 21:07:46.137 [HikariPool-1 connection adder][Log4j2SpyLogDelegator.java] log4j2 - 3. Connection opened. {executed in 35ms} 
[INFO ] 2022-05-10 21:07:46.137 [HikariPool-1 connection adder][Log4j2SpyLogDelegator.java] log4j2 - 3. Connection.new Connection returned 
[INFO ] 2022-05-10 21:07:46.138 [HikariPool-1 connection adder][Log4j2SpyLogDelegator.java] log4j2 - 3. Connection.isReadOnly() returned false
[INFO ] 2022-05-10 21:07:46.138 [HikariPool-1 connection adder][Log4j2SpyLogDelegator.java] log4j2 - 3. Connection.getAutoCommit() returned true
[INFO ] 2022-05-10 21:07:46.161 [HikariPool-1 connection adder][Log4j2SpyLogDelegator.java] log4j2 - 4. Connection opened. {executed in 22ms} 
[INFO ] 2022-05-10 21:07:46.162 [HikariPool-1 connection adder][Log4j2SpyLogDelegator.java] log4j2 - 4. Connection.new Connection returned 
[INFO ] 2022-05-10 21:07:46.162 [HikariPool-1 connection adder][Log4j2SpyLogDelegator.java] log4j2 - 4. Connection.isReadOnly() returned false
[INFO ] 2022-05-10 21:07:46.162 [HikariPool-1 connection adder][Log4j2SpyLogDelegator.java] log4j2 - 4. Connection.getAutoCommit() returned true
[INFO ] 2022-05-10 21:07:46.182 [HikariPool-1 connection adder][Log4j2SpyLogDelegator.java] log4j2 - 5. Connection opened. {executed in 20ms} 
[INFO ] 2022-05-10 21:07:46.183 [HikariPool-1 connection adder][Log4j2SpyLogDelegator.java] log4j2 - 5. Connection.new Connection returned 
[INFO ] 2022-05-10 21:07:46.183 [HikariPool-1 connection adder][Log4j2SpyLogDelegator.java] log4j2 - 5. Connection.isReadOnly() returned false
[INFO ] 2022-05-10 21:07:46.184 [HikariPool-1 connection adder][Log4j2SpyLogDelegator.java] log4j2 - 5. Connection.getAutoCommit() returned true
[INFO ] 2022-05-10 21:07:46.209 [HikariPool-1 connection adder][Log4j2SpyLogDelegator.java] log4j2 - 6. Connection opened. {executed in 24ms} 
[INFO ] 2022-05-10 21:07:46.210 [HikariPool-1 connection adder][Log4j2SpyLogDelegator.java] log4j2 - 6. Connection.new Connection returned 
[INFO ] 2022-05-10 21:07:46.211 [HikariPool-1 connection adder][Log4j2SpyLogDelegator.java] log4j2 - 6. Connection.isReadOnly() returned false
[INFO ] 2022-05-10 21:07:46.212 [HikariPool-1 connection adder][Log4j2SpyLogDelegator.java] log4j2 - 6. Connection.getAutoCommit() returned true
[INFO ] 2022-05-10 21:07:46.241 [HikariPool-1 connection adder][Log4j2SpyLogDelegator.java] log4j2 - 7. Connection opened. {executed in 29ms} 
[INFO ] 2022-05-10 21:07:46.242 [HikariPool-1 connection adder][Log4j2SpyLogDelegator.java] log4j2 - 7. Connection.new Connection returned 
[INFO ] 2022-05-10 21:07:46.242 [HikariPool-1 connection adder][Log4j2SpyLogDelegator.java] log4j2 - 7. Connection.isReadOnly() returned false
[INFO ] 2022-05-10 21:07:46.243 [HikariPool-1 connection adder][Log4j2SpyLogDelegator.java] log4j2 - 7. Connection.getAutoCommit() returned true
[INFO ] 2022-05-10 21:07:46.270 [HikariPool-1 connection adder][Log4j2SpyLogDelegator.java] log4j2 - 8. Connection opened. {executed in 27ms} 
[INFO ] 2022-05-10 21:07:46.271 [HikariPool-1 connection adder][Log4j2SpyLogDelegator.java] log4j2 - 8. Connection.new Connection returned 
[INFO ] 2022-05-10 21:07:46.271 [HikariPool-1 connection adder][Log4j2SpyLogDelegator.java] log4j2 - 8. Connection.isReadOnly() returned false
[INFO ] 2022-05-10 21:07:46.271 [HikariPool-1 connection adder][Log4j2SpyLogDelegator.java] log4j2 - 8. Connection.getAutoCommit() returned true
[INFO ] 2022-05-10 21:07:46.295 [HikariPool-1 connection adder][Log4j2SpyLogDelegator.java] log4j2 - 9. Connection opened. {executed in 24ms} 
[INFO ] 2022-05-10 21:07:46.296 [HikariPool-1 connection adder][Log4j2SpyLogDelegator.java] log4j2 - 9. Connection.new Connection returned 
[INFO ] 2022-05-10 21:07:46.296 [HikariPool-1 connection adder][Log4j2SpyLogDelegator.java] log4j2 - 9. Connection.isReadOnly() returned false
[INFO ] 2022-05-10 21:07:46.296 [HikariPool-1 connection adder][Log4j2SpyLogDelegator.java] log4j2 - 9. Connection.getAutoCommit() returned true
[INFO ] 2022-05-10 21:07:46.323 [HikariPool-1 connection adder][Log4j2SpyLogDelegator.java] log4j2 - 10. Connection opened. {executed in 26ms} 
[INFO ] 2022-05-10 21:07:46.323 [HikariPool-1 connection adder][Log4j2SpyLogDelegator.java] log4j2 - 10. Connection.new Connection returned 
[INFO ] 2022-05-10 21:07:46.323 [HikariPool-1 connection adder][Log4j2SpyLogDelegator.java] log4j2 - 10. Connection.isReadOnly() returned false
[INFO ] 2022-05-10 21:07:46.324 [HikariPool-1 connection adder][Log4j2SpyLogDelegator.java] log4j2 - 10. Connection.getAutoCommit() returned true
[WARN ] 2022-05-10 21:07:46.531 [restartedMain][UserDetailsServiceAutoConfiguration.java] UserDetailsServiceAutoConfiguration - 

Using generated security password: 95da3d65-9044-47d1-a619-7706054570bd

This generated password is for development use only. Your security configuration must be updated before running your application in production.

[INFO ] 2022-05-10 21:07:46.704 [restartedMain][DefaultSecurityFilterChain.java] DefaultSecurityFilterChain - Will secure any request with [org.springframework.security.web.context.request.async.WebAsyncManagerIntegrationFilter@359ee587, org.springframework.security.web.context.SecurityContextPersistenceFilter@a8bb1e8, org.springframework.security.web.header.HeaderWriterFilter@6cdb680f, org.springframework.security.web.csrf.CsrfFilter@3e2236cd, org.springframework.security.web.authentication.logout.LogoutFilter@272c6204, org.springframework.security.web.authentication.UsernamePasswordAuthenticationFilter@32297e2d, org.springframework.security.web.authentication.ui.DefaultLoginPageGeneratingFilter@7fc4a659, org.springframework.security.web.authentication.ui.DefaultLogoutPageGeneratingFilter@86f9df2, org.springframework.security.web.authentication.www.BasicAuthenticationFilter@1ed43704, org.springframework.security.web.savedrequest.RequestCacheAwareFilter@501bc45e, org.springframework.security.web.servletapi.SecurityContextHolderAwareRequestFilter@5452362b, org.springframework.security.web.authentication.AnonymousAuthenticationFilter@37bce7ec, org.springframework.security.web.session.SessionManagementFilter@18d1cc66, org.springframework.security.web.access.ExceptionTranslationFilter@2c904803, org.springframework.security.web.access.intercept.FilterSecurityInterceptor@47c19852]
[WARN ] 2022-05-10 21:07:46.777 [restartedMain][OptionalLiveReloadServer.java] OptionalLiveReloadServer - Unable to start LiveReload server
[INFO ] 2022-05-10 21:07:46.934 [restartedMain][DirectJDKLog.java] Http11NioProtocol - Starting ProtocolHandler ["http-nio-8080"]
[WARN ] 2022-05-10 21:07:46.937 [restartedMain][AbstractApplicationContext.java] AnnotationConfigServletWebServerApplicationContext - Exception encountered during context initialization - cancelling refresh attempt: org.springframework.context.ApplicationContextException: Failed to start bean 'webServerStartStop'; nested exception is org.springframework.boot.web.server.PortInUseException: Port 8080 is already in use
[INFO ] 2022-05-10 21:07:46.939 [restartedMain][HikariDataSource.java] HikariDataSource - HikariPool-1 - Shutdown initiated...
[INFO ] 2022-05-10 21:07:46.943 [HikariPool-1 connection closer][Log4j2SpyLogDelegator.java] log4j2 - 1. Connection closed. {executed in 1ms} 
[INFO ] 2022-05-10 21:07:46.944 [HikariPool-1 connection closer][Log4j2SpyLogDelegator.java] log4j2 - 1. Connection.close() returned 
[INFO ] 2022-05-10 21:07:46.945 [HikariPool-1 connection closer][Log4j2SpyLogDelegator.java] log4j2 - 2. Connection closed. {executed in 1ms} 
[INFO ] 2022-05-10 21:07:46.945 [HikariPool-1 connection closer][Log4j2SpyLogDelegator.java] log4j2 - 2. Connection.close() returned 
[INFO ] 2022-05-10 21:07:46.946 [HikariPool-1 connection closer][Log4j2SpyLogDelegator.java] log4j2 - 3. Connection closed. {executed in 0ms} 
[INFO ] 2022-05-10 21:07:46.947 [HikariPool-1 connection closer][Log4j2SpyLogDelegator.java] log4j2 - 3. Connection.close() returned 
[INFO ] 2022-05-10 21:07:46.948 [HikariPool-1 connection closer][Log4j2SpyLogDelegator.java] log4j2 - 4. Connection closed. {executed in 1ms} 
[INFO ] 2022-05-10 21:07:46.948 [HikariPool-1 connection closer][Log4j2SpyLogDelegator.java] log4j2 - 4. Connection.close() returned 
[INFO ] 2022-05-10 21:07:46.949 [HikariPool-1 connection closer][Log4j2SpyLogDelegator.java] log4j2 - 5. Connection closed. {executed in 1ms} 
[INFO ] 2022-05-10 21:07:46.949 [HikariPool-1 connection closer][Log4j2SpyLogDelegator.java] log4j2 - 5. Connection.close() returned 
[INFO ] 2022-05-10 21:07:46.950 [HikariPool-1 connection closer][Log4j2SpyLogDelegator.java] log4j2 - 6. Connection closed. {executed in 1ms} 
[INFO ] 2022-05-10 21:07:46.950 [HikariPool-1 connection closer][Log4j2SpyLogDelegator.java] log4j2 - 6. Connection.close() returned 
[INFO ] 2022-05-10 21:07:46.951 [HikariPool-1 connection closer][Log4j2SpyLogDelegator.java] log4j2 - 7. Connection closed. {executed in 0ms} 
[INFO ] 2022-05-10 21:07:46.952 [HikariPool-1 connection closer][Log4j2SpyLogDelegator.java] log4j2 - 7. Connection.close() returned 
[INFO ] 2022-05-10 21:07:46.952 [HikariPool-1 connection closer][Log4j2SpyLogDelegator.java] log4j2 - 8. Connection closed. {executed in 0ms} 
[INFO ] 2022-05-10 21:07:46.953 [HikariPool-1 connection closer][Log4j2SpyLogDelegator.java] log4j2 - 8. Connection.close() returned 
[INFO ] 2022-05-10 21:07:46.954 [HikariPool-1 connection closer][Log4j2SpyLogDelegator.java] log4j2 - 9. Connection closed. {executed in 1ms} 
[INFO ] 2022-05-10 21:07:46.954 [HikariPool-1 connection closer][Log4j2SpyLogDelegator.java] log4j2 - 9. Connection.close() returned 
[INFO ] 2022-05-10 21:07:46.955 [HikariPool-1 connection closer][Log4j2SpyLogDelegator.java] log4j2 - 10. Connection closed. {executed in 1ms} 
[INFO ] 2022-05-10 21:07:46.955 [HikariPool-1 connection closer][Log4j2SpyLogDelegator.java] log4j2 - 10. Connection.close() returned 
[INFO ] 2022-05-10 21:07:46.956 [restartedMain][HikariDataSource.java] HikariDataSource - HikariPool-1 - Shutdown completed.
[INFO ] 2022-05-10 21:07:46.959 [restartedMain][DirectJDKLog.java] Http11NioProtocol - Pausing ProtocolHandler ["http-nio-8080"]
[INFO ] 2022-05-10 21:07:46.960 [restartedMain][DirectJDKLog.java] StandardService - Stopping service [Tomcat]
[INFO ] 2022-05-10 21:07:46.965 [restartedMain][DirectJDKLog.java] Http11NioProtocol - Stopping ProtocolHandler ["http-nio-8080"]
[INFO ] 2022-05-10 21:07:46.965 [restartedMain][DirectJDKLog.java] Http11NioProtocol - Destroying ProtocolHandler ["http-nio-8080"]
[INFO ] 2022-05-10 21:07:46.973 [restartedMain][ConditionEvaluationReportLoggingListener.java] ConditionEvaluationReportLoggingListener - 

Error starting ApplicationContext. To display the conditions report re-run your application with 'debug' enabled.
[ERROR] 2022-05-10 21:07:47.001 [restartedMain][LoggingFailureAnalysisReporter.java] LoggingFailureAnalysisReporter - 

***************************
APPLICATION FAILED TO START
***************************

Description:

Web server failed to start. Port 8080 was already in use.

Action:

Identify and stop the process that's listening on port 8080 or configure this application to listen on another port.

[INFO ] 2022-05-10 21:08:00.533 [restartedMain][StartupInfoLogger.java] Application - Starting Application using Java 11.0.12 on DESKTOP-7H7HJEP with PID 10080 (C:\SpringStudy\jex00\build\classes\java\main started by daxxx in C:\SpringStudy\jex00)
[INFO ] 2022-05-10 21:08:00.542 [restartedMain][SpringApplication.java] Application - No active profile set, falling back to 1 default profile: "default"
[INFO ] 2022-05-10 21:08:00.591 [restartedMain][DeferredLog.java] ChangeableUrls - The Class-Path manifest attribute in C:\Users\daxxx\.gradle\caches\modules-2\files-2.1\com.oracle.database.jdbc\ojdbc8\21.3.0.0\73649ab9bfb94daa4df21b80c98ac35aea4aa2f5\ojdbc8-21.3.0.0.jar referenced one or more files that do not exist: file:/C:/Users/daxxx/.gradle/caches/modules-2/files-2.1/com.oracle.database.jdbc/ojdbc8/21.3.0.0/73649ab9bfb94daa4df21b80c98ac35aea4aa2f5/oraclepki.jar
[INFO ] 2022-05-10 21:08:00.591 [restartedMain][DeferredLog.java] DevToolsPropertyDefaultsPostProcessor - Devtools property defaults active! Set 'spring.devtools.add-properties' to 'false' to disable
[INFO ] 2022-05-10 21:08:00.592 [restartedMain][DeferredLog.java] DevToolsPropertyDefaultsPostProcessor - For additional web related logging consider setting the 'logging.level.web' property to 'DEBUG'
[INFO ] 2022-05-10 21:08:02.083 [restartedMain][TomcatWebServer.java] TomcatWebServer - Tomcat initialized with port(s): 8080 (http)
[INFO ] 2022-05-10 21:08:02.094 [restartedMain][DirectJDKLog.java] Http11NioProtocol - Initializing ProtocolHandler ["http-nio-8080"]
[INFO ] 2022-05-10 21:08:02.095 [restartedMain][DirectJDKLog.java] StandardService - Starting service [Tomcat]
[INFO ] 2022-05-10 21:08:02.096 [restartedMain][DirectJDKLog.java] StandardEngine - Starting Servlet engine: [Apache Tomcat/9.0.62]
[INFO ] 2022-05-10 21:08:02.192 [restartedMain][DirectJDKLog.java] [/] - Initializing Spring embedded WebApplicationContext
[INFO ] 2022-05-10 21:08:02.192 [restartedMain][ServletWebServerApplicationContext.java] ServletWebServerApplicationContext - Root WebApplicationContext: initialization completed in 1598 ms
[INFO ] 2022-05-10 21:08:02.346 [restartedMain][HikariDataSource.java] HikariDataSource - HikariPool-1 - Starting...
[INFO ] 2022-05-10 21:08:02.604 [restartedMain][Log4j2SpyLogDelegator.java] log4j2 - 1. Connection opened. {executed in 238ms} 
[INFO ] 2022-05-10 21:08:02.605 [restartedMain][Log4j2SpyLogDelegator.java] log4j2 - 1. Connection.new Connection returned 
[INFO ] 2022-05-10 21:08:02.606 [restartedMain][Log4j2SpyLogDelegator.java] log4j2 - 1. Connection.getNetworkTimeout() returned 0
[INFO ] 2022-05-10 21:08:02.606 [restartedMain][Log4j2SpyLogDelegator.java] log4j2 - 1. Connection.isReadOnly() returned false
[INFO ] 2022-05-10 21:08:02.606 [restartedMain][Log4j2SpyLogDelegator.java] log4j2 - 1. Connection.getAutoCommit() returned true
[INFO ] 2022-05-10 21:08:02.608 [restartedMain][Log4j2SpyLogDelegator.java] log4j2 - 1. Connection.isValid(1) returned true
[INFO ] 2022-05-10 21:08:02.609 [restartedMain][Log4j2SpyLogDelegator.java] log4j2 - 1. Connection.getTransactionIsolation() returned 2
[INFO ] 2022-05-10 21:08:02.611 [restartedMain][HikariDataSource.java] HikariDataSource - HikariPool-1 - Start completed.
[INFO ] 2022-05-10 21:08:02.743 [HikariPool-1 connection adder][Log4j2SpyLogDelegator.java] log4j2 - 2. Connection opened. {executed in 28ms} 
[INFO ] 2022-05-10 21:08:02.744 [HikariPool-1 connection adder][Log4j2SpyLogDelegator.java] log4j2 - 2. Connection.new Connection returned 
[INFO ] 2022-05-10 21:08:02.744 [HikariPool-1 connection adder][Log4j2SpyLogDelegator.java] log4j2 - 2. Connection.isReadOnly() returned false
[INFO ] 2022-05-10 21:08:02.744 [HikariPool-1 connection adder][Log4j2SpyLogDelegator.java] log4j2 - 2. Connection.getAutoCommit() returned true
[INFO ] 2022-05-10 21:08:02.768 [HikariPool-1 connection adder][Log4j2SpyLogDelegator.java] log4j2 - 3. Connection opened. {executed in 23ms} 
[INFO ] 2022-05-10 21:08:02.769 [HikariPool-1 connection adder][Log4j2SpyLogDelegator.java] log4j2 - 3. Connection.new Connection returned 
[INFO ] 2022-05-10 21:08:02.769 [HikariPool-1 connection adder][Log4j2SpyLogDelegator.java] log4j2 - 3. Connection.isReadOnly() returned false
[INFO ] 2022-05-10 21:08:02.769 [HikariPool-1 connection adder][Log4j2SpyLogDelegator.java] log4j2 - 3. Connection.getAutoCommit() returned true
[INFO ] 2022-05-10 21:08:02.794 [HikariPool-1 connection adder][Log4j2SpyLogDelegator.java] log4j2 - 4. Connection opened. {executed in 23ms} 
[INFO ] 2022-05-10 21:08:02.794 [HikariPool-1 connection adder][Log4j2SpyLogDelegator.java] log4j2 - 4. Connection.new Connection returned 
[INFO ] 2022-05-10 21:08:02.795 [HikariPool-1 connection adder][Log4j2SpyLogDelegator.java] log4j2 - 4. Connection.isReadOnly() returned false
[INFO ] 2022-05-10 21:08:02.795 [HikariPool-1 connection adder][Log4j2SpyLogDelegator.java] log4j2 - 4. Connection.getAutoCommit() returned true
[INFO ] 2022-05-10 21:08:02.819 [HikariPool-1 connection adder][Log4j2SpyLogDelegator.java] log4j2 - 5. Connection opened. {executed in 24ms} 
[INFO ] 2022-05-10 21:08:02.820 [HikariPool-1 connection adder][Log4j2SpyLogDelegator.java] log4j2 - 5. Connection.new Connection returned 
[INFO ] 2022-05-10 21:08:02.820 [HikariPool-1 connection adder][Log4j2SpyLogDelegator.java] log4j2 - 5. Connection.isReadOnly() returned false
[INFO ] 2022-05-10 21:08:02.821 [HikariPool-1 connection adder][Log4j2SpyLogDelegator.java] log4j2 - 5. Connection.getAutoCommit() returned true
[INFO ] 2022-05-10 21:08:02.843 [HikariPool-1 connection adder][Log4j2SpyLogDelegator.java] log4j2 - 6. Connection opened. {executed in 22ms} 
[INFO ] 2022-05-10 21:08:02.843 [HikariPool-1 connection adder][Log4j2SpyLogDelegator.java] log4j2 - 6. Connection.new Connection returned 
[INFO ] 2022-05-10 21:08:02.843 [HikariPool-1 connection adder][Log4j2SpyLogDelegator.java] log4j2 - 6. Connection.isReadOnly() returned false
[INFO ] 2022-05-10 21:08:02.844 [HikariPool-1 connection adder][Log4j2SpyLogDelegator.java] log4j2 - 6. Connection.getAutoCommit() returned true
[INFO ] 2022-05-10 21:08:02.869 [HikariPool-1 connection adder][Log4j2SpyLogDelegator.java] log4j2 - 7. Connection opened. {executed in 25ms} 
[INFO ] 2022-05-10 21:08:02.869 [HikariPool-1 connection adder][Log4j2SpyLogDelegator.java] log4j2 - 7. Connection.new Connection returned 
[INFO ] 2022-05-10 21:08:02.870 [HikariPool-1 connection adder][Log4j2SpyLogDelegator.java] log4j2 - 7. Connection.isReadOnly() returned false
[INFO ] 2022-05-10 21:08:02.870 [HikariPool-1 connection adder][Log4j2SpyLogDelegator.java] log4j2 - 7. Connection.getAutoCommit() returned true
[INFO ] 2022-05-10 21:08:02.905 [HikariPool-1 connection adder][Log4j2SpyLogDelegator.java] log4j2 - 8. Connection opened. {executed in 35ms} 
[INFO ] 2022-05-10 21:08:02.905 [HikariPool-1 connection adder][Log4j2SpyLogDelegator.java] log4j2 - 8. Connection.new Connection returned 
[INFO ] 2022-05-10 21:08:02.906 [HikariPool-1 connection adder][Log4j2SpyLogDelegator.java] log4j2 - 8. Connection.isReadOnly() returned false
[INFO ] 2022-05-10 21:08:02.906 [HikariPool-1 connection adder][Log4j2SpyLogDelegator.java] log4j2 - 8. Connection.getAutoCommit() returned true
[INFO ] 2022-05-10 21:08:02.937 [HikariPool-1 connection adder][Log4j2SpyLogDelegator.java] log4j2 - 9. Connection opened. {executed in 31ms} 
[INFO ] 2022-05-10 21:08:02.937 [HikariPool-1 connection adder][Log4j2SpyLogDelegator.java] log4j2 - 9. Connection.new Connection returned 
[INFO ] 2022-05-10 21:08:02.938 [HikariPool-1 connection adder][Log4j2SpyLogDelegator.java] log4j2 - 9. Connection.isReadOnly() returned false
[INFO ] 2022-05-10 21:08:02.938 [HikariPool-1 connection adder][Log4j2SpyLogDelegator.java] log4j2 - 9. Connection.getAutoCommit() returned true
[INFO ] 2022-05-10 21:08:02.965 [HikariPool-1 connection adder][Log4j2SpyLogDelegator.java] log4j2 - 10. Connection opened. {executed in 27ms} 
[INFO ] 2022-05-10 21:08:02.966 [HikariPool-1 connection adder][Log4j2SpyLogDelegator.java] log4j2 - 10. Connection.new Connection returned 
[INFO ] 2022-05-10 21:08:02.966 [HikariPool-1 connection adder][Log4j2SpyLogDelegator.java] log4j2 - 10. Connection.isReadOnly() returned false
[INFO ] 2022-05-10 21:08:02.966 [HikariPool-1 connection adder][Log4j2SpyLogDelegator.java] log4j2 - 10. Connection.getAutoCommit() returned true
[WARN ] 2022-05-10 21:08:03.173 [restartedMain][UserDetailsServiceAutoConfiguration.java] UserDetailsServiceAutoConfiguration - 

Using generated security password: 58d0c8b0-3ee3-46f4-a750-2eab792f1774

This generated password is for development use only. Your security configuration must be updated before running your application in production.

[INFO ] 2022-05-10 21:08:03.365 [restartedMain][DefaultSecurityFilterChain.java] DefaultSecurityFilterChain - Will secure any request with [org.springframework.security.web.context.request.async.WebAsyncManagerIntegrationFilter@6ff70d40, org.springframework.security.web.context.SecurityContextPersistenceFilter@6f1fa5f1, org.springframework.security.web.header.HeaderWriterFilter@57b6d907, org.springframework.security.web.csrf.CsrfFilter@10f5c866, org.springframework.security.web.authentication.logout.LogoutFilter@2154d19, org.springframework.security.web.authentication.UsernamePasswordAuthenticationFilter@f075d61, org.springframework.security.web.authentication.ui.DefaultLoginPageGeneratingFilter@5446691, org.springframework.security.web.authentication.ui.DefaultLogoutPageGeneratingFilter@3c452e88, org.springframework.security.web.authentication.www.BasicAuthenticationFilter@7eaa5692, org.springframework.security.web.savedrequest.RequestCacheAwareFilter@1b1ad1c5, org.springframework.security.web.servletapi.SecurityContextHolderAwareRequestFilter@144b1f72, org.springframework.security.web.authentication.AnonymousAuthenticationFilter@1077f154, org.springframework.security.web.session.SessionManagementFilter@40a7c2d1, org.springframework.security.web.access.ExceptionTranslationFilter@67d03483, org.springframework.security.web.access.intercept.FilterSecurityInterceptor@2afcc45]
[INFO ] 2022-05-10 21:08:03.447 [restartedMain][OptionalLiveReloadServer.java] OptionalLiveReloadServer - LiveReload server is running on port 35729
[INFO ] 2022-05-10 21:08:03.604 [restartedMain][DirectJDKLog.java] Http11NioProtocol - Starting ProtocolHandler ["http-nio-8080"]
[INFO ] 2022-05-10 21:08:03.622 [restartedMain][TomcatWebServer.java] TomcatWebServer - Tomcat started on port(s): 8080 (http) with context path ''
[INFO ] 2022-05-10 21:08:03.636 [restartedMain][StartupInfoLogger.java] Application - Started Application in 3.461 seconds (JVM running for 4.469)
[INFO ] 2022-05-10 21:08:57.743 [restartedMain][StartupInfoLogger.java] Application - Starting Application using Java 11.0.12 on DESKTOP-7H7HJEP with PID 10432 (C:\SpringStudy\jex00\build\classes\java\main started by daxxx in C:\SpringStudy\jex00)
[INFO ] 2022-05-10 21:08:57.753 [restartedMain][SpringApplication.java] Application - No active profile set, falling back to 1 default profile: "default"
[INFO ] 2022-05-10 21:08:57.803 [restartedMain][DeferredLog.java] ChangeableUrls - The Class-Path manifest attribute in C:\Users\daxxx\.gradle\caches\modules-2\files-2.1\com.oracle.database.jdbc\ojdbc8\21.3.0.0\73649ab9bfb94daa4df21b80c98ac35aea4aa2f5\ojdbc8-21.3.0.0.jar referenced one or more files that do not exist: file:/C:/Users/daxxx/.gradle/caches/modules-2/files-2.1/com.oracle.database.jdbc/ojdbc8/21.3.0.0/73649ab9bfb94daa4df21b80c98ac35aea4aa2f5/oraclepki.jar
[INFO ] 2022-05-10 21:08:57.804 [restartedMain][DeferredLog.java] DevToolsPropertyDefaultsPostProcessor - Devtools property defaults active! Set 'spring.devtools.add-properties' to 'false' to disable
[INFO ] 2022-05-10 21:08:57.804 [restartedMain][DeferredLog.java] DevToolsPropertyDefaultsPostProcessor - For additional web related logging consider setting the 'logging.level.web' property to 'DEBUG'
[INFO ] 2022-05-10 21:08:59.242 [restartedMain][TomcatWebServer.java] TomcatWebServer - Tomcat initialized with port(s): 8080 (http)
[INFO ] 2022-05-10 21:08:59.253 [restartedMain][DirectJDKLog.java] Http11NioProtocol - Initializing ProtocolHandler ["http-nio-8080"]
[INFO ] 2022-05-10 21:08:59.254 [restartedMain][DirectJDKLog.java] StandardService - Starting service [Tomcat]
[INFO ] 2022-05-10 21:08:59.254 [restartedMain][DirectJDKLog.java] StandardEngine - Starting Servlet engine: [Apache Tomcat/9.0.62]
[INFO ] 2022-05-10 21:08:59.362 [restartedMain][DirectJDKLog.java] [/] - Initializing Spring embedded WebApplicationContext
[INFO ] 2022-05-10 21:08:59.362 [restartedMain][ServletWebServerApplicationContext.java] ServletWebServerApplicationContext - Root WebApplicationContext: initialization completed in 1557 ms
[INFO ] 2022-05-10 21:08:59.521 [restartedMain][HikariDataSource.java] HikariDataSource - HikariPool-1 - Starting...
[INFO ] 2022-05-10 21:08:59.758 [restartedMain][Log4j2SpyLogDelegator.java] log4j2 - 1. Connection opened. {executed in 222ms} 
[INFO ] 2022-05-10 21:08:59.759 [restartedMain][Log4j2SpyLogDelegator.java] log4j2 - 1. Connection.new Connection returned 
[INFO ] 2022-05-10 21:08:59.759 [restartedMain][Log4j2SpyLogDelegator.java] log4j2 - 1. Connection.getNetworkTimeout() returned 0
[INFO ] 2022-05-10 21:08:59.760 [restartedMain][Log4j2SpyLogDelegator.java] log4j2 - 1. Connection.isReadOnly() returned false
[INFO ] 2022-05-10 21:08:59.760 [restartedMain][Log4j2SpyLogDelegator.java] log4j2 - 1. Connection.getAutoCommit() returned true
[INFO ] 2022-05-10 21:08:59.762 [restartedMain][Log4j2SpyLogDelegator.java] log4j2 - 1. Connection.isValid(1) returned true
[INFO ] 2022-05-10 21:08:59.763 [restartedMain][Log4j2SpyLogDelegator.java] log4j2 - 1. Connection.getTransactionIsolation() returned 2
[INFO ] 2022-05-10 21:08:59.765 [restartedMain][HikariDataSource.java] HikariDataSource - HikariPool-1 - Start completed.
[INFO ] 2022-05-10 21:08:59.893 [HikariPool-1 connection adder][Log4j2SpyLogDelegator.java] log4j2 - 2. Connection opened. {executed in 25ms} 
[INFO ] 2022-05-10 21:08:59.894 [HikariPool-1 connection adder][Log4j2SpyLogDelegator.java] log4j2 - 2. Connection.new Connection returned 
[INFO ] 2022-05-10 21:08:59.894 [HikariPool-1 connection adder][Log4j2SpyLogDelegator.java] log4j2 - 2. Connection.isReadOnly() returned false
[INFO ] 2022-05-10 21:08:59.895 [HikariPool-1 connection adder][Log4j2SpyLogDelegator.java] log4j2 - 2. Connection.getAutoCommit() returned true
[INFO ] 2022-05-10 21:08:59.919 [HikariPool-1 connection adder][Log4j2SpyLogDelegator.java] log4j2 - 3. Connection opened. {executed in 24ms} 
[INFO ] 2022-05-10 21:08:59.919 [HikariPool-1 connection adder][Log4j2SpyLogDelegator.java] log4j2 - 3. Connection.new Connection returned 
[INFO ] 2022-05-10 21:08:59.920 [HikariPool-1 connection adder][Log4j2SpyLogDelegator.java] log4j2 - 3. Connection.isReadOnly() returned false
[INFO ] 2022-05-10 21:08:59.920 [HikariPool-1 connection adder][Log4j2SpyLogDelegator.java] log4j2 - 3. Connection.getAutoCommit() returned true
[INFO ] 2022-05-10 21:08:59.943 [HikariPool-1 connection adder][Log4j2SpyLogDelegator.java] log4j2 - 4. Connection opened. {executed in 23ms} 
[INFO ] 2022-05-10 21:08:59.943 [HikariPool-1 connection adder][Log4j2SpyLogDelegator.java] log4j2 - 4. Connection.new Connection returned 
[INFO ] 2022-05-10 21:08:59.943 [HikariPool-1 connection adder][Log4j2SpyLogDelegator.java] log4j2 - 4. Connection.isReadOnly() returned false
[INFO ] 2022-05-10 21:08:59.944 [HikariPool-1 connection adder][Log4j2SpyLogDelegator.java] log4j2 - 4. Connection.getAutoCommit() returned true
[INFO ] 2022-05-10 21:08:59.968 [HikariPool-1 connection adder][Log4j2SpyLogDelegator.java] log4j2 - 5. Connection opened. {executed in 24ms} 
[INFO ] 2022-05-10 21:08:59.969 [HikariPool-1 connection adder][Log4j2SpyLogDelegator.java] log4j2 - 5. Connection.new Connection returned 
[INFO ] 2022-05-10 21:08:59.969 [HikariPool-1 connection adder][Log4j2SpyLogDelegator.java] log4j2 - 5. Connection.isReadOnly() returned false
[INFO ] 2022-05-10 21:08:59.969 [HikariPool-1 connection adder][Log4j2SpyLogDelegator.java] log4j2 - 5. Connection.getAutoCommit() returned true
[INFO ] 2022-05-10 21:09:00.001 [HikariPool-1 connection adder][Log4j2SpyLogDelegator.java] log4j2 - 6. Connection opened. {executed in 31ms} 
[INFO ] 2022-05-10 21:09:00.001 [HikariPool-1 connection adder][Log4j2SpyLogDelegator.java] log4j2 - 6. Connection.new Connection returned 
[INFO ] 2022-05-10 21:09:00.002 [HikariPool-1 connection adder][Log4j2SpyLogDelegator.java] log4j2 - 6. Connection.isReadOnly() returned false
[INFO ] 2022-05-10 21:09:00.002 [HikariPool-1 connection adder][Log4j2SpyLogDelegator.java] log4j2 - 6. Connection.getAutoCommit() returned true
[INFO ] 2022-05-10 21:09:00.031 [HikariPool-1 connection adder][Log4j2SpyLogDelegator.java] log4j2 - 7. Connection opened. {executed in 29ms} 
[INFO ] 2022-05-10 21:09:00.032 [HikariPool-1 connection adder][Log4j2SpyLogDelegator.java] log4j2 - 7. Connection.new Connection returned 
[INFO ] 2022-05-10 21:09:00.032 [HikariPool-1 connection adder][Log4j2SpyLogDelegator.java] log4j2 - 7. Connection.isReadOnly() returned false
[INFO ] 2022-05-10 21:09:00.032 [HikariPool-1 connection adder][Log4j2SpyLogDelegator.java] log4j2 - 7. Connection.getAutoCommit() returned true
[INFO ] 2022-05-10 21:09:00.058 [HikariPool-1 connection adder][Log4j2SpyLogDelegator.java] log4j2 - 8. Connection opened. {executed in 25ms} 
[INFO ] 2022-05-10 21:09:00.059 [HikariPool-1 connection adder][Log4j2SpyLogDelegator.java] log4j2 - 8. Connection.new Connection returned 
[INFO ] 2022-05-10 21:09:00.059 [HikariPool-1 connection adder][Log4j2SpyLogDelegator.java] log4j2 - 8. Connection.isReadOnly() returned false
[INFO ] 2022-05-10 21:09:00.059 [HikariPool-1 connection adder][Log4j2SpyLogDelegator.java] log4j2 - 8. Connection.getAutoCommit() returned true
[INFO ] 2022-05-10 21:09:00.087 [HikariPool-1 connection adder][Log4j2SpyLogDelegator.java] log4j2 - 9. Connection opened. {executed in 27ms} 
[INFO ] 2022-05-10 21:09:00.087 [HikariPool-1 connection adder][Log4j2SpyLogDelegator.java] log4j2 - 9. Connection.new Connection returned 
[INFO ] 2022-05-10 21:09:00.088 [HikariPool-1 connection adder][Log4j2SpyLogDelegator.java] log4j2 - 9. Connection.isReadOnly() returned false
[INFO ] 2022-05-10 21:09:00.088 [HikariPool-1 connection adder][Log4j2SpyLogDelegator.java] log4j2 - 9. Connection.getAutoCommit() returned true
[INFO ] 2022-05-10 21:09:00.110 [HikariPool-1 connection adder][Log4j2SpyLogDelegator.java] log4j2 - 10. Connection opened. {executed in 22ms} 
[INFO ] 2022-05-10 21:09:00.111 [HikariPool-1 connection adder][Log4j2SpyLogDelegator.java] log4j2 - 10. Connection.new Connection returned 
[INFO ] 2022-05-10 21:09:00.111 [HikariPool-1 connection adder][Log4j2SpyLogDelegator.java] log4j2 - 10. Connection.isReadOnly() returned false
[INFO ] 2022-05-10 21:09:00.111 [HikariPool-1 connection adder][Log4j2SpyLogDelegator.java] log4j2 - 10. Connection.getAutoCommit() returned true
[WARN ] 2022-05-10 21:09:00.315 [restartedMain][UserDetailsServiceAutoConfiguration.java] UserDetailsServiceAutoConfiguration - 

Using generated security password: c786e2c9-7570-44c8-a3e7-5d8907ccf9b8

This generated password is for development use only. Your security configuration must be updated before running your application in production.

[INFO ] 2022-05-10 21:09:00.474 [restartedMain][DefaultSecurityFilterChain.java] DefaultSecurityFilterChain - Will secure any request with [org.springframework.security.web.context.request.async.WebAsyncManagerIntegrationFilter@119e598e, org.springframework.security.web.context.SecurityContextPersistenceFilter@651d008d, org.springframework.security.web.header.HeaderWriterFilter@438496bb, org.springframework.security.web.csrf.CsrfFilter@4734dce2, org.springframework.security.web.authentication.logout.LogoutFilter@22a5f530, org.springframework.security.web.authentication.UsernamePasswordAuthenticationFilter@5506e0da, org.springframework.security.web.authentication.ui.DefaultLoginPageGeneratingFilter@29f10f72, org.springframework.security.web.authentication.ui.DefaultLogoutPageGeneratingFilter@1493b607, org.springframework.security.web.authentication.www.BasicAuthenticationFilter@6bf8cbfc, org.springframework.security.web.savedrequest.RequestCacheAwareFilter@7ff571ff, org.springframework.security.web.servletapi.SecurityContextHolderAwareRequestFilter@261ebbd7, org.springframework.security.web.authentication.AnonymousAuthenticationFilter@39993842, org.springframework.security.web.session.SessionManagementFilter@52f8bd19, org.springframework.security.web.access.ExceptionTranslationFilter@4dca0ee8, org.springframework.security.web.access.intercept.FilterSecurityInterceptor@45a393e5]
[INFO ] 2022-05-10 21:09:00.565 [restartedMain][OptionalLiveReloadServer.java] OptionalLiveReloadServer - LiveReload server is running on port 35729
[INFO ] 2022-05-10 21:09:00.704 [restartedMain][DirectJDKLog.java] Http11NioProtocol - Starting ProtocolHandler ["http-nio-8080"]
[INFO ] 2022-05-10 21:09:00.724 [restartedMain][TomcatWebServer.java] TomcatWebServer - Tomcat started on port(s): 8080 (http) with context path ''
[INFO ] 2022-05-10 21:09:00.736 [restartedMain][StartupInfoLogger.java] Application - Started Application in 3.354 seconds (JVM running for 4.326)
